<?xml version="1.0" encoding="UTF-8"?>
<!-- Generated by org.testng.reporters.JUnitXMLReporter -->
<testsuite ignored="0" hostname="Anubhavkoul" failures="1" tests="1" name="AppTest" time="40.951" errors="0" timestamp="2022-03-13T01:20:01 IST">
  <testcase classname="Framework.NewProject.AppTest" name="navigateToAnubhavHomePage" time="0.059">
    <failure type="java.lang.AssertionError" message="Title is not Anubhav Koul expected [Anubhav Koul] but found [Anubhav Koul1]">
      <![CDATA[java.lang.AssertionError: Title is not Anubhav Koul expected [Anubhav Koul] but found [Anubhav Koul1]
at Framework.NewProject.AppTest.navigateToAnubhavHomePage(AppTest.java:36)
at java.base/java.util.ArrayList.forEach(ArrayList.java:1511)
... Removed 32 stack frames]]>
    </failure>
  </testcase> <!-- navigateToAnubhavHomePage -->
</testsuite> <!-- AppTest -->
