<?xml version="1.0" encoding="UTF-8"?>
<testng-results ignored="0" total="2" passed="1" failed="1" skipped="0">
  <reporter-output>
  </reporter-output>
  <suite started-at="2022-03-13T01:19:20 IST" name="Suite" finished-at="2022-03-13T01:20:15 IST" duration-ms="54759">
    <groups>
    </groups>
    <test started-at="2022-03-13T01:19:20 IST" name="AppTest" finished-at="2022-03-13T01:20:01 IST" duration-ms="40951">
      <class name="Framework.NewProject.AppTest">
        <test-method is-config="true" signature="StartUp()[pri:0, instance:Framework.NewProject.AppTest@672f11c2]" started-at="2022-03-13T01:19:20 IST" name="StartUp" finished-at="2022-03-13T01:19:59 IST" duration-ms="39320" status="PASS">
          <reporter-output>
          </reporter-output>
        </test-method> <!-- StartUp -->
        <test-method signature="navigateToAnubhavHomePage()[pri:0, instance:Framework.NewProject.AppTest@672f11c2]" started-at="2022-03-13T01:19:59 IST" name="navigateToAnubhavHomePage" finished-at="2022-03-13T01:19:59 IST" duration-ms="59" status="FAIL">
          <exception class="java.lang.AssertionError">
            <message>
              <![CDATA[Title is not Anubhav Koul expected [Anubhav Koul] but found [Anubhav Koul1]]]>
            </message>
            <full-stacktrace>
              <![CDATA[java.lang.AssertionError: Title is not Anubhav Koul expected [Anubhav Koul] but found [Anubhav Koul1]
at org.testng.Assert.fail(Assert.java:99)
at org.testng.Assert.failNotEquals(Assert.java:1037)
at org.testng.Assert.assertEqualsImpl(Assert.java:140)
at org.testng.Assert.assertEquals(Assert.java:122)
at org.testng.Assert.assertEquals(Assert.java:629)
at Framework.NewProject.AppTest.navigateToAnubhavHomePage(AppTest.java:36)
at java.base/jdk.internal.reflect.NativeMethodAccessorImpl.invoke0(Native Method)
at java.base/jdk.internal.reflect.NativeMethodAccessorImpl.invoke(NativeMethodAccessorImpl.java:77)
at java.base/jdk.internal.reflect.DelegatingMethodAccessorImpl.invoke(DelegatingMethodAccessorImpl.java:43)
at java.base/java.lang.reflect.Method.invoke(Method.java:568)
at org.testng.internal.MethodInvocationHelper.invokeMethod(MethodInvocationHelper.java:133)
at org.testng.internal.TestInvoker.invokeMethod(TestInvoker.java:598)
at org.testng.internal.TestInvoker.invokeTestMethod(TestInvoker.java:173)
at org.testng.internal.MethodRunner.runInSequence(MethodRunner.java:46)
at org.testng.internal.TestInvoker$MethodInvocationAgent.invoke(TestInvoker.java:824)
at org.testng.internal.TestInvoker.invokeTestMethods(TestInvoker.java:146)
at org.testng.internal.TestMethodWorker.invokeTestMethods(TestMethodWorker.java:146)
at org.testng.internal.TestMethodWorker.run(TestMethodWorker.java:128)
at java.base/java.util.ArrayList.forEach(ArrayList.java:1511)
at org.testng.TestRunner.privateRun(TestRunner.java:794)
at org.testng.TestRunner.run(TestRunner.java:596)
at org.testng.SuiteRunner.runTest(SuiteRunner.java:377)
at org.testng.SuiteRunner.runSequentially(SuiteRunner.java:371)
at org.testng.SuiteRunner.privateRun(SuiteRunner.java:332)
at org.testng.SuiteRunner.run(SuiteRunner.java:276)
at org.testng.SuiteRunnerWorker.runSuite(SuiteRunnerWorker.java:53)
at org.testng.SuiteRunnerWorker.run(SuiteRunnerWorker.java:96)
at org.testng.TestNG.runSuitesSequentially(TestNG.java:1212)
at org.testng.TestNG.runSuitesLocally(TestNG.java:1134)
at org.testng.TestNG.runSuites(TestNG.java:1063)
at org.testng.TestNG.run(TestNG.java:1031)
at org.testng.remote.AbstractRemoteTestNG.run(AbstractRemoteTestNG.java:115)
at org.testng.remote.RemoteTestNG.initAndRun(RemoteTestNG.java:251)
at org.testng.remote.RemoteTestNG.main(RemoteTestNG.java:77)
]]>
            </full-stacktrace>
          </exception> <!-- java.lang.AssertionError -->
          <reporter-output>
          </reporter-output>
        </test-method> <!-- navigateToAnubhavHomePage -->
        <test-method is-config="true" signature="tearDown()[pri:0, instance:Framework.NewProject.AppTest@672f11c2]" started-at="2022-03-13T01:20:01 IST" name="tearDown" finished-at="2022-03-13T01:20:01 IST" duration-ms="140" status="PASS">
          <reporter-output>
          </reporter-output>
        </test-method> <!-- tearDown -->
      </class> <!-- Framework.NewProject.AppTest -->
    </test> <!-- AppTest -->
    <test started-at="2022-03-13T01:20:02 IST" name="AboutPage" finished-at="2022-03-13T01:20:15 IST" duration-ms="13094">
      <class name="Framework.NewProject.AboutPageTest">
        <test-method is-config="true" signature="StartUp()[pri:0, instance:Framework.NewProject.AboutPageTest@200606de]" started-at="2022-03-13T01:20:02 IST" name="StartUp" finished-at="2022-03-13T01:20:07 IST" duration-ms="5330" status="PASS">
          <reporter-output>
          </reporter-output>
        </test-method> <!-- StartUp -->
        <test-method signature="navigateToAnubhavHomePage()[pri:0, instance:Framework.NewProject.AboutPageTest@200606de]" started-at="2022-03-13T01:20:07 IST" name="navigateToAnubhavHomePage" finished-at="2022-03-13T01:20:15 IST" duration-ms="7642" status="PASS">
          <reporter-output>
          </reporter-output>
        </test-method> <!-- navigateToAnubhavHomePage -->
        <test-method is-config="true" signature="tearDown()[pri:0, instance:Framework.NewProject.AboutPageTest@200606de]" started-at="2022-03-13T01:20:15 IST" name="tearDown" finished-at="2022-03-13T01:20:15 IST" duration-ms="116" status="PASS">
          <reporter-output>
          </reporter-output>
        </test-method> <!-- tearDown -->
      </class> <!-- Framework.NewProject.AboutPageTest -->
    </test> <!-- AboutPage -->
  </suite> <!-- Suite -->
</testng-results>
