<?xml version="1.0" encoding="UTF-8"?>
<testng-results ignored="0" total="2" passed="1" failed="1" skipped="0">
  <reporter-output>
  </reporter-output>
  <suite started-at="2022-03-03T00:02:11 IST" name="Suite" finished-at="2022-03-03T00:02:31 IST" duration-ms="20245">
    <groups>
    </groups>
    <test started-at="2022-03-03T00:02:11 IST" name="AppTest" finished-at="2022-03-03T00:02:19 IST" duration-ms="8562">
      <class name="Framework.NewProject.AppTest">
        <test-method is-config="true" signature="StartUp()[pri:0, instance:Framework.NewProject.AppTest@2c5d601e]" started-at="2022-03-03T00:02:11 IST" name="StartUp" finished-at="2022-03-03T00:02:17 IST" duration-ms="6732" status="PASS">
          <reporter-output>
          </reporter-output>
        </test-method> <!-- StartUp -->
        <test-method signature="navigateToAnubhavHomePage()[pri:0, instance:Framework.NewProject.AppTest@2c5d601e]" started-at="2022-03-03T00:02:18 IST" name="navigateToAnubhavHomePage" finished-at="2022-03-03T00:02:18 IST" duration-ms="41" status="FAIL">
          <exception class="java.lang.AssertionError">
            <message>
              <![CDATA[Title is not Anubhav Koul expected [Anubhav Koul] but found [Anubhav Koul1]]]>
            </message>
            <full-stacktrace>
              <![CDATA[java.lang.AssertionError: Title is not Anubhav Koul expected [Anubhav Koul] but found [Anubhav Koul1]
at org.testng.Assert.fail(Assert.java:99)
at org.testng.Assert.failNotEquals(Assert.java:1037)
at org.testng.Assert.assertEqualsImpl(Assert.java:140)
at org.testng.Assert.assertEquals(Assert.java:122)
at org.testng.Assert.assertEquals(Assert.java:629)
at Framework.NewProject.AppTest.navigateToAnubhavHomePage(AppTest.java:35)
at java.base/jdk.internal.reflect.NativeMethodAccessorImpl.invoke0(Native Method)
at java.base/jdk.internal.reflect.NativeMethodAccessorImpl.invoke(NativeMethodAccessorImpl.java:77)
at java.base/jdk.internal.reflect.DelegatingMethodAccessorImpl.invoke(DelegatingMethodAccessorImpl.java:43)
at java.base/java.lang.reflect.Method.invoke(Method.java:568)
at org.testng.internal.MethodInvocationHelper.invokeMethod(MethodInvocationHelper.java:133)
at org.testng.internal.TestInvoker.invokeMethod(TestInvoker.java:598)
at org.testng.internal.TestInvoker.invokeTestMethod(TestInvoker.java:173)
at org.testng.internal.MethodRunner.runInSequence(MethodRunner.java:46)
at org.testng.internal.TestInvoker$MethodInvocationAgent.invoke(TestInvoker.java:824)
at org.testng.internal.TestInvoker.invokeTestMethods(TestInvoker.java:146)
at org.testng.internal.TestMethodWorker.invokeTestMethods(TestMethodWorker.java:146)
at org.testng.internal.TestMethodWorker.run(TestMethodWorker.java:128)
at java.base/java.util.ArrayList.forEach(ArrayList.java:1511)
at org.testng.TestRunner.privateRun(TestRunner.java:794)
at org.testng.TestRunner.run(TestRunner.java:596)
at org.testng.SuiteRunner.runTest(SuiteRunner.java:377)
at org.testng.SuiteRunner.runSequentially(SuiteRunner.java:371)
at org.testng.SuiteRunner.privateRun(SuiteRunner.java:332)
at org.testng.SuiteRunner.run(SuiteRunner.java:276)
at org.testng.SuiteRunnerWorker.runSuite(SuiteRunnerWorker.java:53)
at org.testng.SuiteRunnerWorker.run(SuiteRunnerWorker.java:96)
at org.testng.TestNG.runSuitesSequentially(TestNG.java:1212)
at org.testng.TestNG.runSuitesLocally(TestNG.java:1134)
at org.testng.TestNG.runSuites(TestNG.java:1063)
at org.testng.TestNG.run(TestNG.java:1031)
at org.testng.remote.AbstractRemoteTestNG.run(AbstractRemoteTestNG.java:115)
at org.testng.remote.RemoteTestNG.initAndRun(RemoteTestNG.java:251)
at org.testng.remote.RemoteTestNG.main(RemoteTestNG.java:77)
]]>
            </full-stacktrace>
          </exception> <!-- java.lang.AssertionError -->
          <reporter-output>
          </reporter-output>
        </test-method> <!-- navigateToAnubhavHomePage -->
        <test-method is-config="true" signature="tearDown()[pri:0, instance:Framework.NewProject.AppTest@2c5d601e]" started-at="2022-03-03T00:02:19 IST" name="tearDown" finished-at="2022-03-03T00:02:19 IST" duration-ms="82" status="PASS">
          <reporter-output>
          </reporter-output>
        </test-method> <!-- tearDown -->
      </class> <!-- Framework.NewProject.AppTest -->
    </test> <!-- AppTest -->
    <test started-at="2022-03-03T00:02:20 IST" name="AboutPage" finished-at="2022-03-03T00:02:31 IST" duration-ms="11378">
      <class name="Framework.NewProject.AboutPageTest">
        <test-method is-config="true" signature="StartUp()[pri:0, instance:Framework.NewProject.AboutPageTest@2ad3a1bb]" started-at="2022-03-03T00:02:20 IST" name="StartUp" finished-at="2022-03-03T00:02:23 IST" duration-ms="3349" status="PASS">
          <reporter-output>
          </reporter-output>
        </test-method> <!-- StartUp -->
        <test-method signature="navigateToAnubhavHomePage()[pri:0, instance:Framework.NewProject.AboutPageTest@2ad3a1bb]" started-at="2022-03-03T00:02:23 IST" name="navigateToAnubhavHomePage" finished-at="2022-03-03T00:02:31 IST" duration-ms="7978" status="PASS">
          <reporter-output>
          </reporter-output>
        </test-method> <!-- navigateToAnubhavHomePage -->
        <test-method is-config="true" signature="tearDown()[pri:0, instance:Framework.NewProject.AboutPageTest@2ad3a1bb]" started-at="2022-03-03T00:02:31 IST" name="tearDown" finished-at="2022-03-03T00:02:31 IST" duration-ms="49" status="PASS">
          <reporter-output>
          </reporter-output>
        </test-method> <!-- tearDown -->
      </class> <!-- Framework.NewProject.AboutPageTest -->
    </test> <!-- AboutPage -->
  </suite> <!-- Suite -->
</testng-results>
